<?xml version="1.0" encoding="UTF-8"?>
<<<<<<< HEAD
<testsuites name="jest tests" tests="15" failures="2" errors="0" time="18.81">
  <testsuite name="undefined" errors="0" failures="1" skipped="0" timestamp="2021-10-06T00:03:10" time="14.78" tests="1">
    <testcase classname=" adds employee to database" name=" adds employee to database" time="0.015">
      <failure>ReferenceError: newObj is not defined
    at Object.&lt;anonymous&gt; (C:\Users\George\Documents\Uni\ASD-EMS\asd-ems-frontend\tests\employees.test.js:12:10)
    at Promise.then.completed (C:\Users\George\AppData\Roaming\npm\node_modules\jest-cli\node_modules\jest-circus\build\utils.js:390:28)
    at new Promise (&lt;anonymous&gt;)
    at callAsyncCircusFn (C:\Users\George\AppData\Roaming\npm\node_modules\jest-cli\node_modules\jest-circus\build\utils.js:315:10)
    at _callCircusTest (C:\Users\George\AppData\Roaming\npm\node_modules\jest-cli\node_modules\jest-circus\build\run.js:218:40)
    at processTicksAndRejections (internal/process/task_queues.js:95:5)
    at _runTest (C:\Users\George\AppData\Roaming\npm\node_modules\jest-cli\node_modules\jest-circus\build\run.js:155:3)
    at _runTestsForDescribeBlock (C:\Users\George\AppData\Roaming\npm\node_modules\jest-cli\node_modules\jest-circus\build\run.js:66:9)
    at run (C:\Users\George\AppData\Roaming\npm\node_modules\jest-cli\node_modules\jest-circus\build\run.js:25:3)
    at runAndTransformResultsToJestFormat (C:\Users\George\AppData\Roaming\npm\node_modules\jest-cli\node_modules\jest-circus\build\legacy-code-todo-rewrite\jestAdapterInit.js:167:21)</failure>
    </testcase>
  </testsuite>
  <testsuite name="undefined" errors="0" failures="1" skipped="0" timestamp="2021-10-06T00:03:10" time="15.018" tests="1">
    <testcase classname=" check for form is clicked" name=" check for form is clicked" time="0.003">
      <failure>ReferenceError: document is not defined
    at Object.&lt;anonymous&gt; (C:\Users\George\Documents\Uni\ASD-EMS\asd-ems-frontend\tests\Application.test.js:9:3)
    at Promise.then.completed (C:\Users\George\AppData\Roaming\npm\node_modules\jest-cli\node_modules\jest-circus\build\utils.js:390:28)
    at new Promise (&lt;anonymous&gt;)
    at callAsyncCircusFn (C:\Users\George\AppData\Roaming\npm\node_modules\jest-cli\node_modules\jest-circus\build\utils.js:315:10)
    at _callCircusHook (C:\Users\George\AppData\Roaming\npm\node_modules\jest-cli\node_modules\jest-circus\build\run.js:181:40)
    at processTicksAndRejections (internal/process/task_queues.js:95:5)
    at _runTest (C:\Users\George\AppData\Roaming\npm\node_modules\jest-cli\node_modules\jest-circus\build\run.js:148:5)
    at _runTestsForDescribeBlock (C:\Users\George\AppData\Roaming\npm\node_modules\jest-cli\node_modules\jest-circus\build\run.js:66:9)
    at run (C:\Users\George\AppData\Roaming\npm\node_modules\jest-cli\node_modules\jest-circus\build\run.js:25:3)
    at runAndTransformResultsToJestFormat (C:\Users\George\AppData\Roaming\npm\node_modules\jest-cli\node_modules\jest-circus\build\legacy-code-todo-rewrite\jestAdapterInit.js:167:21)</failure>
      <failure>ReferenceError: document is not defined
    at Object.&lt;anonymous&gt; (C:\Users\George\Documents\Uni\ASD-EMS\asd-ems-frontend\tests\Application.test.js:14:3)
    at Promise.then.completed (C:\Users\George\AppData\Roaming\npm\node_modules\jest-cli\node_modules\jest-circus\build\utils.js:390:28)
    at new Promise (&lt;anonymous&gt;)
    at callAsyncCircusFn (C:\Users\George\AppData\Roaming\npm\node_modules\jest-cli\node_modules\jest-circus\build\utils.js:315:10)
    at _callCircusHook (C:\Users\George\AppData\Roaming\npm\node_modules\jest-cli\node_modules\jest-circus\build\run.js:181:40)
    at processTicksAndRejections (internal/process/task_queues.js:95:5)
    at _runTest (C:\Users\George\AppData\Roaming\npm\node_modules\jest-cli\node_modules\jest-circus\build\run.js:158:5)
    at _runTestsForDescribeBlock (C:\Users\George\AppData\Roaming\npm\node_modules\jest-cli\node_modules\jest-circus\build\run.js:66:9)
    at run (C:\Users\George\AppData\Roaming\npm\node_modules\jest-cli\node_modules\jest-circus\build\run.js:25:3)
    at runAndTransformResultsToJestFormat (C:\Users\George\AppData\Roaming\npm\node_modules\jest-cli\node_modules\jest-circus\build\legacy-code-todo-rewrite\jestAdapterInit.js:167:21)</failure>
    </testcase>
  </testsuite>
  <testsuite name="undefined" errors="0" failures="0" skipped="0" timestamp="2021-10-06T00:03:25" time="0.697" tests="3">
    <testcase classname=" login using admin username" name=" login using admin username" time="0.002">
    </testcase>
    <testcase classname=" login using employee username" name=" login using employee username" time="0.001">
    </testcase>
    <testcase classname=" login using invalid username" name=" login using invalid username" time="0">
    </testcase>
  </testsuite>
  <testsuite name="undefined" errors="0" failures="0" skipped="0" timestamp="2021-10-06T00:03:10" time="15.795" tests="5">
    <testcase classname=" create user with correct data input" name=" create user with correct data input" time="0.01">
    </testcase>
    <testcase classname=" create user with wrong data input, number input in all textfield" name=" create user with wrong data input, number input in all textfield" time="0.001">
    </testcase>
    <testcase classname=" create user with wrong data input, text input in all number field" name=" create user with wrong data input, text input in all number field" time="0">
=======
<testsuites name="jest tests" tests="19" failures="0" errors="0" time="7.612">
  <testsuite name="undefined" errors="0" failures="0" skipped="0" timestamp="2021-10-06T01:09:23" time="4.645" tests="2">
    <testcase classname=" launch application with correct data input" name=" launch application with correct data input" time="0.004">
    </testcase>
    <testcase classname=" launch application with incorrect data input - number input into textfield" name=" launch application with incorrect data input - number input into textfield" time="0">
    </testcase>
  </testsuite>
  <testsuite name="undefined" errors="0" failures="0" skipped="0" timestamp="2021-10-06T01:09:23" time="4.805" tests="5">
    <testcase classname=" create user with correct data input" name=" create user with correct data input" time="0.009">
    </testcase>
    <testcase classname=" create user with wrong data input, number input in all textfield" name=" create user with wrong data input, number input in all textfield" time="0">
    </testcase>
    <testcase classname=" create user with wrong data input, text input in all number field" name=" create user with wrong data input, text input in all number field" time="0.001">
>>>>>>> 0e20c7689cb79981b7e8a1a1937219c27c04825a
    </testcase>
    <testcase classname=" create user with wrong data input, incorrect date format - user must be at least 18 years old" name=" create user with wrong data input, incorrect date format - user must be at least 18 years old" time="0.001">
    </testcase>
    <testcase classname=" create user not following the requried username format" name=" create user not following the requried username format" time="0.001">
    </testcase>
  </testsuite>
<<<<<<< HEAD
  <testsuite name="undefined" errors="0" failures="0" skipped="0" timestamp="2021-10-06T00:03:25" time="0.786" tests="4">
    <testcase classname=" create payroll with correct data input" name=" create payroll with correct data input" time="0.007">
=======
  <testsuite name="undefined" errors="0" failures="0" skipped="0" timestamp="2021-10-06T01:09:23" time="4.77" tests="4">
    <testcase classname=" create payroll with correct data input" name=" create payroll with correct data input" time="0.057">
>>>>>>> 0e20c7689cb79981b7e8a1a1937219c27c04825a
    </testcase>
    <testcase classname=" create payroll with incorrect data input - text entered into number field" name=" create payroll with incorrect data input - text entered into number field" time="0.001">
    </testcase>
    <testcase classname=" create payroll with incorrect data input - number entered into textfield" name=" create payroll with incorrect data input - number entered into textfield" time="0.001">
    </testcase>
<<<<<<< HEAD
    <testcase classname=" create payroll with incorrect date input, pay date create cannot be more than 3 years ago" name=" create payroll with incorrect date input, pay date create cannot be more than 3 years ago" time="0.001">
    </testcase>
  </testsuite>
  <testsuite name="undefined" errors="0" failures="0" skipped="0" timestamp="2021-10-06T00:03:26" time="0.212" tests="1">
    <testcase classname=" adds 1 + 2 to equal 3" name=" adds 1 + 2 to equal 3" time="0.001">
=======
    <testcase classname=" create payroll with incorrect date input, pay date create cannot be more than 3 years ago" name=" create payroll with incorrect date input, pay date create cannot be more than 3 years ago" time="0">
    </testcase>
  </testsuite>
  <testsuite name="addition test (ABDULLAH SLIMANI)" errors="0" failures="0" skipped="0" timestamp="2021-10-06T01:09:28" time="0.417" tests="1">
    <testcase classname="addition test (ABDULLAH SLIMANI) adds 1 + 2 to equal 3" name="addition test (ABDULLAH SLIMANI) adds 1 + 2 to equal 3" time="0.002">
    </testcase>
  </testsuite>
  <testsuite name="undefined" errors="0" failures="0" skipped="0" timestamp="2021-10-06T01:09:28" time="0.483" tests="3">
    <testcase classname=" login using admin username" name=" login using admin username" time="0.001">
    </testcase>
    <testcase classname=" login using employee username" name=" login using employee username" time="0.001">
    </testcase>
    <testcase classname=" login using invalid username" name=" login using invalid username" time="0">
    </testcase>
  </testsuite>
  <testsuite name="undefined" errors="0" failures="0" skipped="0" timestamp="2021-10-06T01:09:28" time="0.5" tests="2">
    <testcase classname=" voice concern with correct data format input" name=" voice concern with correct data format input" time="0.001">
    </testcase>
    <testcase classname=" voice concern with incorrect data format input - number in textfield" name=" voice concern with incorrect data format input - number in textfield" time="0">
    </testcase>
  </testsuite>
  <testsuite name="undefined" errors="0" failures="0" skipped="0" timestamp="2021-10-06T01:09:28" time="0.358" tests="2">
    <testcase classname=" file a complaint with correct data format input" name=" file a complaint with correct data format input" time="0.001">
    </testcase>
    <testcase classname=" file a complaint with incorrect data format input - number in textfield" name=" file a complaint with incorrect data format input - number in textfield" time="0">
>>>>>>> 0e20c7689cb79981b7e8a1a1937219c27c04825a
    </testcase>
  </testsuite>
</testsuites>