<?xml version="1.0" encoding="UTF-8"?>
<testsuites name="jest tests" tests="20" failures="0" errors="0" time="2.584">
  <testsuite name="undefined" errors="0" failures="0" skipped="0" timestamp="2021-10-08T05:36:58" time="1.601" tests="3">
    <testcase classname=" login using admin username" name=" login using admin username" time="0.01">
    </testcase>
    <testcase classname=" login using employee username" name=" login using employee username" time="0.001">
    </testcase>
    <testcase classname=" login using invalid username" name=" login using invalid username" time="0">
    </testcase>
  </testsuite>
  <testsuite name="undefined" errors="0" failures="0" skipped="0" timestamp="2021-10-08T05:36:58" time="1.604" tests="2">
    <testcase classname=" voice concern with correct data format input" name=" voice concern with correct data format input" time="0.011">
    </testcase>
    <testcase classname=" voice concern with incorrect data format input - number in textfield" name=" voice concern with incorrect data format input - number in textfield" time="0">
    </testcase>
  </testsuite>
  <testsuite name="undefined" errors="0" failures="0" skipped="0" timestamp="2021-10-08T05:36:58" time="1.576" tests="4">
    <testcase classname=" create payroll with correct data input" name=" create payroll with correct data input" time="0.014">
    </testcase>
    <testcase classname=" create payroll with incorrect data input - text entered into number field" name=" create payroll with incorrect data input - text entered into number field" time="0">
    </testcase>
    <testcase classname=" create payroll with incorrect data input - number entered into textfield" name=" create payroll with incorrect data input - number entered into textfield" time="0.001">
    </testcase>
    <testcase classname=" create payroll with incorrect date input, pay date create cannot be more than 3 years ago" name=" create payroll with incorrect date input, pay date create cannot be more than 3 years ago" time="0">
    </testcase>
  </testsuite>
  <testsuite name="undefined" errors="0" failures="0" skipped="0" timestamp="2021-10-08T05:36:58" time="1.6" tests="3">
    <testcase classname=" launch application with correct data input" name=" launch application with correct data input" time="0.004">
    </testcase>
    <testcase classname=" launch application with incorrect data input - number input into textfield" name=" launch application with incorrect data input - number input into textfield" time="0.001">
    </testcase>
    <testcase classname=" launch application with incorrect data input - number input into textfield" name=" launch application with incorrect data input - number input into textfield" time="0.001">
    </testcase>
  </testsuite>
  <testsuite name="undefined" errors="0" failures="0" skipped="0" timestamp="2021-10-08T05:36:58" time="1.595" tests="2">
    <testcase classname=" file a complaint with correct data format input" name=" file a complaint with correct data format input" time="0.003">
    </testcase>
    <testcase classname=" file a complaint with incorrect data format input - number in textfield" name=" file a complaint with incorrect data format input - number in textfield" time="0.001">
    </testcase>
  </testsuite>
  <testsuite name="undefined" errors="0" failures="0" skipped="0" timestamp="2021-10-08T05:36:58" time="1.61" tests="5">
    <testcase classname=" create user with correct data input" name=" create user with correct data input" time="0.01">
    </testcase>
    <testcase classname=" create user with wrong data input, number input in all textfield" name=" create user with wrong data input, number input in all textfield" time="0.001">
    </testcase>
    <testcase classname=" create user with wrong data input, text input in all number field" name=" create user with wrong data input, text input in all number field" time="0.013">
    </testcase>
    <testcase classname=" create user with wrong data input, incorrect date format - user must be at least 18 years old" name=" create user with wrong data input, incorrect date format - user must be at least 18 years old" time="0.001">
    </testcase>
    <testcase classname=" create user not following the requried username format" name=" create user not following the requried username format" time="0">
    </testcase>
  </testsuite>
  <testsuite name="addition test (ABDULLAH SLIMANI)" errors="0" failures="0" skipped="0" timestamp="2021-10-08T05:36:58" time="1.727" tests="1">
    <testcase classname="addition test (ABDULLAH SLIMANI) adds 1 + 2 to equal 3" name="addition test (ABDULLAH SLIMANI) adds 1 + 2 to equal 3" time="0.002">
    </testcase>
  </testsuite>
</testsuites>